2019-12-15 18:27:52.789  INFO 1868 --- [main] c.c.c.ConfigServicePropertySourceLocator : Fetching config from server at : http://localhost:9898
2019-12-15 18:27:54.037  INFO 1868 --- [main] c.c.c.ConfigServicePropertySourceLocator : Connect Timeout Exception on Url - http://localhost:9898. Will be trying the next url if available
2019-12-15 18:27:54.038  WARN 1868 --- [main] c.c.c.ConfigServicePropertySourceLocator : Could not locate PropertySource: I/O error on GET request for "http://localhost:9898/work-reporter/prod": Connection refused: connect; nested exception is java.net.ConnectException: Connection refused: connect
2019-12-15 18:27:54.061  INFO 1868 --- [main] c.t.w.r.WorkReporterApplicationTests     : The following profiles are active: prod
2019-12-15 18:27:55.447  INFO 1868 --- [main] .s.d.r.c.RepositoryConfigurationDelegate : Multiple Spring Data modules found, entering strict repository configuration mode!
2019-12-15 18:27:55.447  INFO 1868 --- [main] .s.d.r.c.RepositoryConfigurationDelegate : Bootstrapping Spring Data repositories in DEFAULT mode.
2019-12-15 18:27:55.734  INFO 1868 --- [main] .s.d.r.c.RepositoryConfigurationDelegate : Finished Spring Data repository scanning in 264ms. Found 5 repository interfaces.
2019-12-15 18:27:55.735  INFO 1868 --- [main] .s.d.r.c.RepositoryConfigurationDelegate : Multiple Spring Data modules found, entering strict repository configuration mode!
2019-12-15 18:27:55.735  INFO 1868 --- [main] .s.d.r.c.RepositoryConfigurationDelegate : Bootstrapping Spring Data repositories in DEFAULT mode.
2019-12-15 18:27:55.740  INFO 1868 --- [main] .s.d.r.c.RepositoryConfigurationDelegate : Finished Spring Data repository scanning in 4ms. Found 0 repository interfaces.
2019-12-15 18:27:55.741  INFO 1868 --- [main] .s.d.r.c.RepositoryConfigurationDelegate : Multiple Spring Data modules found, entering strict repository configuration mode!
2019-12-15 18:27:55.742  INFO 1868 --- [main] .s.d.r.c.RepositoryConfigurationDelegate : Bootstrapping Spring Data repositories in DEFAULT mode.
2019-12-15 18:27:55.836  INFO 1868 --- [main] .s.d.r.c.RepositoryConfigurationDelegate : Finished Spring Data repository scanning in 91ms. Found 16 repository interfaces.
2019-12-15 18:27:56.531  INFO 1868 --- [main] .s.d.r.c.RepositoryConfigurationDelegate : Multiple Spring Data modules found, entering strict repository configuration mode!
2019-12-15 18:27:56.534  INFO 1868 --- [main] .s.d.r.c.RepositoryConfigurationDelegate : Bootstrapping Spring Data repositories in DEFAULT mode.
2019-12-15 18:27:56.682  INFO 1868 --- [main] .RepositoryConfigurationExtensionSupport : Spring Data Redis - Could not safely identify store assignment for repository candidate interface cn.tblack.work.reporter.info.dao.TablesDao. If you want this repository to be a Redis repository, consider annotating your entities with one of these annotations: org.springframework.data.redis.core.RedisHash (preferred), or consider extending one of the following types with your repository: org.springframework.data.keyvalue.repository.KeyValueRepository.
2019-12-15 18:27:56.689  INFO 1868 --- [main] .RepositoryConfigurationExtensionSupport : Spring Data Redis - Could not safely identify store assignment for repository candidate interface cn.tblack.work.reporter.jdbc.dao.ReportColumnDao. If you want this repository to be a Redis repository, consider annotating your entities with one of these annotations: org.springframework.data.redis.core.RedisHash (preferred), or consider extending one of the following types with your repository: org.springframework.data.keyvalue.repository.KeyValueRepository.
2019-12-15 18:27:56.708  INFO 1868 --- [main] .RepositoryConfigurationExtensionSupport : Spring Data Redis - Could not safely identify store assignment for repository candidate interface cn.tblack.work.reporter.quartz.dao.MailSenderDao. If you want this repository to be a Redis repository, consider annotating your entities with one of these annotations: org.springframework.data.redis.core.RedisHash (preferred), or consider extending one of the following types with your repository: org.springframework.data.keyvalue.repository.KeyValueRepository.
2019-12-15 18:27:56.725  INFO 1868 --- [main] .RepositoryConfigurationExtensionSupport : Spring Data Redis - Could not safely identify store assignment for repository candidate interface cn.tblack.work.reporter.quartz.dao.ReminderDao. If you want this repository to be a Redis repository, consider annotating your entities with one of these annotations: org.springframework.data.redis.core.RedisHash (preferred), or consider extending one of the following types with your repository: org.springframework.data.keyvalue.repository.KeyValueRepository.
2019-12-15 18:27:56.732  INFO 1868 --- [main] .RepositoryConfigurationExtensionSupport : Spring Data Redis - Could not safely identify store assignment for repository candidate interface cn.tblack.work.reporter.quartz.dao.ScheduleDao. If you want this repository to be a Redis repository, consider annotating your entities with one of these annotations: org.springframework.data.redis.core.RedisHash (preferred), or consider extending one of the following types with your repository: org.springframework.data.keyvalue.repository.KeyValueRepository.
2019-12-15 18:27:56.751  INFO 1868 --- [main] .RepositoryConfigurationExtensionSupport : Spring Data Redis - Could not safely identify store assignment for repository candidate interface cn.tblack.work.reporter.quartz.dao.ScheduleJobDao. If you want this repository to be a Redis repository, consider annotating your entities with one of these annotations: org.springframework.data.redis.core.RedisHash (preferred), or consider extending one of the following types with your repository: org.springframework.data.keyvalue.repository.KeyValueRepository.
2019-12-15 18:27:56.755  INFO 1868 --- [main] .RepositoryConfigurationExtensionSupport : Spring Data Redis - Could not safely identify store assignment for repository candidate interface cn.tblack.work.reporter.quartz.dao.ScheduleJobLogDao. If you want this repository to be a Redis repository, consider annotating your entities with one of these annotations: org.springframework.data.redis.core.RedisHash (preferred), or consider extending one of the following types with your repository: org.springframework.data.keyvalue.repository.KeyValueRepository.
2019-12-15 18:27:56.758  INFO 1868 --- [main] .RepositoryConfigurationExtensionSupport : Spring Data Redis - Could not safely identify store assignment for repository candidate interface cn.tblack.work.reporter.sys.dao.OssConfigDao. If you want this repository to be a Redis repository, consider annotating your entities with one of these annotations: org.springframework.data.redis.core.RedisHash (preferred), or consider extending one of the following types with your repository: org.springframework.data.keyvalue.repository.KeyValueRepository.
2019-12-15 18:27:56.759  INFO 1868 --- [main] .RepositoryConfigurationExtensionSupport : Spring Data Redis - Could not safely identify store assignment for repository candidate interface cn.tblack.work.reporter.sys.dao.SysColumnDao. If you want this repository to be a Redis repository, consider annotating your entities with one of these annotations: org.springframework.data.redis.core.RedisHash (preferred), or consider extending one of the following types with your repository: org.springframework.data.keyvalue.repository.KeyValueRepository.
2019-12-15 18:27:56.760  INFO 1868 --- [main] .RepositoryConfigurationExtensionSupport : Spring Data Redis - Could not safely identify store assignment for repository candidate interface cn.tblack.work.reporter.sys.dao.SysConfigDao. If you want this repository to be a Redis repository, consider annotating your entities with one of these annotations: org.springframework.data.redis.core.RedisHash (preferred), or consider extending one of the following types with your repository: org.springframework.data.keyvalue.repository.KeyValueRepository.
2019-12-15 18:27:56.761  INFO 1868 --- [main] .RepositoryConfigurationExtensionSupport : Spring Data Redis - Could not safely identify store assignment for repository candidate interface cn.tblack.work.reporter.sys.dao.SysGenDao. If you want this repository to be a Redis repository, consider annotating your entities with one of these annotations: org.springframework.data.redis.core.RedisHash (preferred), or consider extending one of the following types with your repository: org.springframework.data.keyvalue.repository.KeyValueRepository.
2019-12-15 18:27:56.762  INFO 1868 --- [main] .RepositoryConfigurationExtensionSupport : Spring Data Redis - Could not safely identify store assignment for repository candidate interface cn.tblack.work.reporter.sys.dao.SysGenDbDao. If you want this repository to be a Redis repository, consider annotating your entities with one of these annotations: org.springframework.data.redis.core.RedisHash (preferred), or consider extending one of the following types with your repository: org.springframework.data.keyvalue.repository.KeyValueRepository.
2019-12-15 18:27:56.764  INFO 1868 --- [main] .RepositoryConfigurationExtensionSupport : Spring Data Redis - Could not safely identify store assignment for repository candidate interface cn.tblack.work.reporter.sys.dao.SysGenStyleDao. If you want this repository to be a Redis repository, consider annotating your entities with one of these annotations: org.springframework.data.redis.core.RedisHash (preferred), or consider extending one of the following types with your repository: org.springframework.data.keyvalue.repository.KeyValueRepository.
2019-12-15 18:27:56.766  INFO 1868 --- [main] .RepositoryConfigurationExtensionSupport : Spring Data Redis - Could not safely identify store assignment for repository candidate interface cn.tblack.work.reporter.sys.dao.SysGenTempDao. If you want this repository to be a Redis repository, consider annotating your entities with one of these annotations: org.springframework.data.redis.core.RedisHash (preferred), or consider extending one of the following types with your repository: org.springframework.data.keyvalue.repository.KeyValueRepository.
2019-12-15 18:27:56.768  INFO 1868 --- [main] .RepositoryConfigurationExtensionSupport : Spring Data Redis - Could not safely identify store assignment for repository candidate interface cn.tblack.work.reporter.sys.dao.SysOssDao. If you want this repository to be a Redis repository, consider annotating your entities with one of these annotations: org.springframework.data.redis.core.RedisHash (preferred), or consider extending one of the following types with your repository: org.springframework.data.keyvalue.repository.KeyValueRepository.
2019-12-15 18:27:56.769  INFO 1868 --- [main] .RepositoryConfigurationExtensionSupport : Spring Data Redis - Could not safely identify store assignment for repository candidate interface cn.tblack.work.reporter.sys.dao.SysResRoleDao. If you want this repository to be a Redis repository, consider annotating your entities with one of these annotations: org.springframework.data.redis.core.RedisHash (preferred), or consider extending one of the following types with your repository: org.springframework.data.keyvalue.repository.KeyValueRepository.
2019-12-15 18:27:56.887  INFO 1868 --- [main] .RepositoryConfigurationExtensionSupport : Spring Data Redis - Could not safely identify store assignment for repository candidate interface cn.tblack.work.reporter.sys.dao.SysResourcesDao. If you want this repository to be a Redis repository, consider annotating your entities with one of these annotations: org.springframework.data.redis.core.RedisHash (preferred), or consider extending one of the following types with your repository: org.springframework.data.keyvalue.repository.KeyValueRepository.
2019-12-15 18:27:56.890  INFO 1868 --- [main] .RepositoryConfigurationExtensionSupport : Spring Data Redis - Could not safely identify store assignment for repository candidate interface cn.tblack.work.reporter.sys.dao.SysRoleDao. If you want this repository to be a Redis repository, consider annotating your entities with one of these annotations: org.springframework.data.redis.core.RedisHash (preferred), or consider extending one of the following types with your repository: org.springframework.data.keyvalue.repository.KeyValueRepository.
2019-12-15 18:27:56.892  INFO 1868 --- [main] .RepositoryConfigurationExtensionSupport : Spring Data Redis - Could not safely identify store assignment for repository candidate interface cn.tblack.work.reporter.sys.dao.SysTableDao. If you want this repository to be a Redis repository, consider annotating your entities with one of these annotations: org.springframework.data.redis.core.RedisHash (preferred), or consider extending one of the following types with your repository: org.springframework.data.keyvalue.repository.KeyValueRepository.
2019-12-15 18:27:56.895  INFO 1868 --- [main] .RepositoryConfigurationExtensionSupport : Spring Data Redis - Could not safely identify store assignment for repository candidate interface cn.tblack.work.reporter.sys.dao.SysUserDao. If you want this repository to be a Redis repository, consider annotating your entities with one of these annotations: org.springframework.data.redis.core.RedisHash (preferred), or consider extending one of the following types with your repository: org.springframework.data.keyvalue.repository.KeyValueRepository.
2019-12-15 18:27:56.896  INFO 1868 --- [main] .RepositoryConfigurationExtensionSupport : Spring Data Redis - Could not safely identify store assignment for repository candidate interface cn.tblack.work.reporter.sys.dao.SysUserRoleDao. If you want this repository to be a Redis repository, consider annotating your entities with one of these annotations: org.springframework.data.redis.core.RedisHash (preferred), or consider extending one of the following types with your repository: org.springframework.data.keyvalue.repository.KeyValueRepository.
2019-12-15 18:27:56.897  INFO 1868 --- [main] .RepositoryConfigurationExtensionSupport : Spring Data Redis - Could not safely identify store assignment for repository candidate interface cn.tblack.work.reporter.sys.dao.TempUserDao. If you want this repository to be a Redis repository, consider annotating your entities with one of these annotations: org.springframework.data.redis.core.RedisHash (preferred), or consider extending one of the following types with your repository: org.springframework.data.keyvalue.repository.KeyValueRepository.
2019-12-15 18:27:56.898  INFO 1868 --- [main] .RepositoryConfigurationExtensionSupport : Spring Data Redis - Could not safely identify store assignment for repository candidate interface cn.tblack.work.reporter.sys.dao.VerificationMailDao. If you want this repository to be a Redis repository, consider annotating your entities with one of these annotations: org.springframework.data.redis.core.RedisHash (preferred), or consider extending one of the following types with your repository: org.springframework.data.keyvalue.repository.KeyValueRepository.
2019-12-15 18:27:56.898  INFO 1868 --- [main] .s.d.r.c.RepositoryConfigurationDelegate : Finished Spring Data repository scanning in 338ms. Found 0 repository interfaces.
2019-12-15 18:27:57.366  INFO 1868 --- [main] o.s.cloud.context.scope.GenericScope     : BeanFactory id=a00b6566-f514-3ec5-a677-41fa4f466d01
2019-12-15 18:27:57.941  INFO 1868 --- [main] trationDelegate$BeanPostProcessorChecker : Bean 'org.springframework.transaction.annotation.ProxyTransactionManagementConfiguration' of type [org.springframework.transaction.annotation.ProxyTransactionManagementConfiguration] is not eligible for getting processed by all BeanPostProcessors (for example: not eligible for auto-proxying)
2019-12-15 18:27:58.052  INFO 1868 --- [main] trationDelegate$BeanPostProcessorChecker : Bean 'org.springframework.security.config.annotation.configuration.ObjectPostProcessorConfiguration' of type [org.springframework.security.config.annotation.configuration.ObjectPostProcessorConfiguration] is not eligible for getting processed by all BeanPostProcessors (for example: not eligible for auto-proxying)
2019-12-15 18:27:58.467  INFO 1868 --- [main] trationDelegate$BeanPostProcessorChecker : Bean 'objectPostProcessor' of type [org.springframework.security.config.annotation.configuration.AutowireBeanFactoryObjectPostProcessor] is not eligible for getting processed by all BeanPostProcessors (for example: not eligible for auto-proxying)
2019-12-15 18:27:58.495  INFO 1868 --- [main] trationDelegate$BeanPostProcessorChecker : Bean 'org.springframework.security.access.expression.method.DefaultMethodSecurityExpressionHandler@144ee8a7' of type [org.springframework.security.access.expression.method.DefaultMethodSecurityExpressionHandler] is not eligible for getting processed by all BeanPostProcessors (for example: not eligible for auto-proxying)
2019-12-15 18:27:58.533  INFO 1868 --- [main] trationDelegate$BeanPostProcessorChecker : Bean 'org.springframework.security.config.annotation.method.configuration.GlobalMethodSecurityConfiguration' of type [org.springframework.security.config.annotation.method.configuration.GlobalMethodSecurityConfiguration] is not eligible for getting processed by all BeanPostProcessors (for example: not eligible for auto-proxying)
2019-12-15 18:27:58.613  INFO 1868 --- [main] trationDelegate$BeanPostProcessorChecker : Bean 'methodSecurityMetadataSource' of type [org.springframework.security.access.method.DelegatingMethodSecurityMetadataSource] is not eligible for getting processed by all BeanPostProcessors (for example: not eligible for auto-proxying)
2019-12-15 18:27:58.736  INFO 1868 --- [main] trationDelegate$BeanPostProcessorChecker : Bean 'org.springframework.cloud.autoconfigure.ConfigurationPropertiesRebinderAutoConfiguration' of type [org.springframework.cloud.autoconfigure.ConfigurationPropertiesRebinderAutoConfiguration] is not eligible for getting processed by all BeanPostProcessors (for example: not eligible for auto-proxying)
2019-12-15 18:27:58.869  INFO 1868 --- [main] c.t.w.reporter.sys.config.SysDBConfig    : Create sysDataSource
2019-12-15 18:27:59.396  INFO 1868 --- [main] c.t.w.r.quartz.config.QuartzDBConfig     : Create a quartzDataSource
2019-12-15 18:27:59.531  INFO 1868 --- [main] o.hibernate.jpa.internal.util.LogHelper  : HHH000204: Processing PersistenceUnitInfo [name: quartzPersistenceUnit]
2019-12-15 18:27:59.722  INFO 1868 --- [main] org.hibernate.Version                    : HHH000412: Hibernate Core {5.4.8.Final}
2019-12-15 18:28:00.108  INFO 1868 --- [main] o.hibernate.annotations.common.Version   : HCANN000001: Hibernate Commons Annotations {5.1.0.Final}
2019-12-15 18:28:00.761  INFO 1868 --- [main] com.alibaba.druid.pool.DruidDataSource   : {dataSource-1} inited
2019-12-15 18:28:01.310  INFO 1868 --- [main] org.hibernate.dialect.Dialect            : HHH000400: Using dialect: org.hibernate.dialect.MySQL8Dialect
2019-12-15 18:28:02.543  INFO 1868 --- [main] j.LocalContainerEntityManagerFactoryBean : Initialized JPA EntityManagerFactory for persistence unit 'quartzPersistenceUnit'
2019-12-15 18:28:02.571  INFO 1868 --- [main] c.t.w.r.report.config.ReportDBConfig     : Create a reportDatSource
2019-12-15 18:28:02.613  INFO 1868 --- [main] o.hibernate.jpa.internal.util.LogHelper  : HHH000204: Processing PersistenceUnitInfo [name: reportPersistenceUnit]
2019-12-15 18:28:02.633  INFO 1868 --- [main] com.alibaba.druid.pool.DruidDataSource   : {dataSource-2} inited
2019-12-15 18:28:02.672  INFO 1868 --- [main] org.hibernate.dialect.Dialect            : HHH000400: Using dialect: org.hibernate.dialect.MySQL8Dialect
2019-12-15 18:28:02.807  INFO 1868 --- [main] j.LocalContainerEntityManagerFactoryBean : Initialized JPA EntityManagerFactory for persistence unit 'reportPersistenceUnit'
2019-12-15 18:28:02.812  INFO 1868 --- [main] c.t.w.reporter.sys.config.SysDBConfig    : Create SysEntityManagerFactory
2019-12-15 18:28:02.832  INFO 1868 --- [main] o.hibernate.jpa.internal.util.LogHelper  : HHH000204: Processing PersistenceUnitInfo [name: sysPersistenceUnit]
2019-12-15 18:28:02.852  INFO 1868 --- [main] com.alibaba.druid.pool.DruidDataSource   : {dataSource-3} inited
2019-12-15 18:28:02.885  INFO 1868 --- [main] org.hibernate.dialect.Dialect            : HHH000400: Using dialect: org.hibernate.dialect.MySQL8Dialect
2019-12-15 18:28:03.431  INFO 1868 --- [main] j.LocalContainerEntityManagerFactoryBean : Initialized JPA EntityManagerFactory for persistence unit 'sysPersistenceUnit'
2019-12-15 18:28:09.417  INFO 1868 --- [main] org.quartz.impl.StdSchedulerFactory      : Using default implementation for ThreadExecutor
2019-12-15 18:28:09.438  INFO 1868 --- [main] org.quartz.core.SchedulerSignalerImpl    : Initialized Scheduler Signaller of type: class org.quartz.core.SchedulerSignalerImpl
2019-12-15 18:28:09.438  INFO 1868 --- [main] org.quartz.core.QuartzScheduler          : Quartz Scheduler v.2.3.2 created.
2019-12-15 18:28:09.443  INFO 1868 --- [main] o.s.s.quartz.LocalDataSourceJobStore     : Using db table-based data access locking (synchronization).
2019-12-15 18:28:09.451  INFO 1868 --- [main] o.s.s.quartz.LocalDataSourceJobStore     : JobStoreCMT initialized.
2019-12-15 18:28:09.464  INFO 1868 --- [main] org.quartz.core.QuartzScheduler          : Scheduler meta-data: Quartz Scheduler (v2.3.2) 'quartzSchedulerFactoryBean' with instanceId 'NON_CLUSTERED'
  Scheduler class: 'org.quartz.core.QuartzScheduler' - running locally.
  NOT STARTED.
  Currently in standby mode.
  Number of jobs executed: 0
  Using thread pool 'org.quartz.simpl.SimpleThreadPool' - with 10 threads.
  Using job-store 'org.springframework.scheduling.quartz.LocalDataSourceJobStore' - which supports persistence. and is not clustered.

2019-12-15 18:28:09.468  INFO 1868 --- [main] org.quartz.impl.StdSchedulerFactory      : Quartz scheduler 'quartzSchedulerFactoryBean' initialized from an externally provided properties instance.
2019-12-15 18:28:09.470  INFO 1868 --- [main] org.quartz.impl.StdSchedulerFactory      : Quartz scheduler version: 2.3.2
2019-12-15 18:28:09.475  INFO 1868 --- [main] org.quartz.core.QuartzScheduler          : JobFactory set to: org.springframework.scheduling.quartz.AdaptableJobFactory@72e806
2019-12-15 18:28:09.758  INFO 1868 --- [main] o.s.s.concurrent.ThreadPoolTaskExecutor  : Initializing ExecutorService 'asyncTaskExecutor'
2019-12-15 18:28:09.961  INFO 1868 --- [main] c.t.w.r.config.WebSecurityConfiguration  : 配置 拦截路径等信息
2019-12-15 18:28:09.977  INFO 1868 --- [main] o.s.s.web.DefaultSecurityFilterChain     : Creating filter chain: Ant [pattern='/resources/**'], []
2019-12-15 18:28:09.978  INFO 1868 --- [main] o.s.s.web.DefaultSecurityFilterChain     : Creating filter chain: Ant [pattern=' /webjars/'], []
2019-12-15 18:28:10.020  INFO 1868 --- [main] o.s.s.web.DefaultSecurityFilterChain     : Creating filter chain: Ant [pattern=' /img/**'], []
2019-12-15 18:28:10.029  INFO 1868 --- [main] o.s.s.web.DefaultSecurityFilterChain     : Creating filter chain: Ant [pattern=' /upload/**'], []
2019-12-15 18:28:10.034  INFO 1868 --- [main] o.s.s.web.DefaultSecurityFilterChain     : Creating filter chain: Ant [pattern=' /css/**'], []
2019-12-15 18:28:10.038  INFO 1868 --- [main] o.s.s.web.DefaultSecurityFilterChain     : Creating filter chain: Ant [pattern=' /js/**'], []
2019-12-15 18:28:10.043  INFO 1868 --- [main] o.s.s.web.DefaultSecurityFilterChain     : Creating filter chain: Ant [pattern='/images/**'], []
2019-12-15 18:28:10.047  INFO 1868 --- [main] o.s.s.web.DefaultSecurityFilterChain     : Creating filter chain: Ant [pattern=' /resources/**'], []
2019-12-15 18:28:10.051  INFO 1868 --- [main] o.s.s.web.DefaultSecurityFilterChain     : Creating filter chain: Ant [pattern=' /lib/**'], []
2019-12-15 18:28:10.058  INFO 1868 --- [main] o.s.s.web.DefaultSecurityFilterChain     : Creating filter chain: Ant [pattern=' /skin/**'], []
2019-12-15 18:28:10.063  INFO 1868 --- [main] o.s.s.web.DefaultSecurityFilterChain     : Creating filter chain: Ant [pattern=' /template/**'], []
2019-12-15 18:28:10.068  INFO 1868 --- [main] o.s.s.web.DefaultSecurityFilterChain     : Creating filter chain: Ant [pattern=' /common/**'], []
2019-12-15 18:28:10.073  INFO 1868 --- [main] o.s.s.web.DefaultSecurityFilterChain     : Creating filter chain: Ant [pattern=' /404/**'], []
2019-12-15 18:28:10.077  INFO 1868 --- [main] o.s.s.web.DefaultSecurityFilterChain     : Creating filter chain: Ant [pattern='/admin_files/**'], []
2019-12-15 18:28:10.082  INFO 1868 --- [main] o.s.s.web.DefaultSecurityFilterChain     : Creating filter chain: Ant [pattern=' /echarts/**'], []
2019-12-15 18:28:10.084  INFO 1868 --- [main] o.s.s.web.DefaultSecurityFilterChain     : Creating filter chain: Ant [pattern=' /fonts/**'], []
2019-12-15 18:28:10.084  INFO 1868 --- [main] o.s.s.web.DefaultSecurityFilterChain     : Creating filter chain: Ant [pattern=' /notebook/**'], []
2019-12-15 18:28:10.085  INFO 1868 --- [main] o.s.s.web.DefaultSecurityFilterChain     : Creating filter chain: Ant [pattern=' /web_domain'], []
2019-12-15 18:28:10.269  INFO 1868 --- [main] o.s.s.web.DefaultSecurityFilterChain     : Creating filter chain: any request, [org.springframework.security.web.context.request.async.WebAsyncManagerIntegrationFilter@253fb3fa, org.springframework.security.web.context.SecurityContextPersistenceFilter@ecc5101, org.springframework.security.web.header.HeaderWriterFilter@165634aa, org.springframework.security.web.authentication.logout.LogoutFilter@28dae87e, org.springframework.security.web.session.ConcurrentSessionFilter@20bc6f4d, org.springframework.security.web.savedrequest.RequestCacheAwareFilter@6be7a271, org.springframework.security.web.servletapi.SecurityContextHolderAwareRequestFilter@69c03fa2, org.springframework.security.web.authentication.AnonymousAuthenticationFilter@57283e4, org.springframework.security.web.session.SessionManagementFilter@1e085e71, org.springframework.security.web.access.ExceptionTranslationFilter@470b7fcf, org.springframework.security.web.access.intercept.FilterSecurityInterceptor@7313e4fb]
2019-12-15 18:28:10.341  INFO 1868 --- [main] c.t.w.r.quartz.config.QuartzDBConfig     : Create quartzTransactionManager
2019-12-15 18:28:10.399  INFO 1868 --- [main] c.t.w.r.report.config.ReportDBConfig     : Create reportTransactionManager
2019-12-15 18:28:10.406  INFO 1868 --- [main] c.t.w.reporter.sys.config.SysDBConfig    : Create sysTransactionManager
2019-12-15 18:28:14.103  INFO 1868 --- [main] o.s.b.a.e.web.EndpointLinksResolver      : Exposing 20 endpoint(s) beneath base path '/actuator'
2019-12-15 18:28:14.265  INFO 1868 --- [main] o.s.s.quartz.SchedulerFactoryBean        : Will start Quartz Scheduler [quartzSchedulerFactoryBean] in 1 seconds
2019-12-15 18:28:14.290  INFO 1868 --- [main] c.t.w.r.WorkReporterApplicationTests     : Started WorkReporterApplicationTests in 23.621 seconds (JVM running for 25.627)
2019-12-15 18:28:14.774  INFO 1868 --- [SpringContextShutdownHook] o.s.s.concurrent.ThreadPoolTaskExecutor  : Shutting down ExecutorService 'asyncTaskExecutor'
2019-12-15 18:28:14.776  INFO 1868 --- [SpringContextShutdownHook] o.s.s.quartz.SchedulerFactoryBean        : Shutting down Quartz Scheduler
2019-12-15 18:28:14.777  INFO 1868 --- [SpringContextShutdownHook] org.quartz.core.QuartzScheduler          : Scheduler quartzSchedulerFactoryBean_$_NON_CLUSTERED shutting down.
2019-12-15 18:28:14.777  INFO 1868 --- [SpringContextShutdownHook] org.quartz.core.QuartzScheduler          : Scheduler quartzSchedulerFactoryBean_$_NON_CLUSTERED paused.
2019-12-15 18:28:14.778  INFO 1868 --- [SpringContextShutdownHook] org.quartz.core.QuartzScheduler          : Scheduler quartzSchedulerFactoryBean_$_NON_CLUSTERED shutdown complete.
2019-12-15 18:28:14.818  INFO 1868 --- [SpringContextShutdownHook] j.LocalContainerEntityManagerFactoryBean : Closing JPA EntityManagerFactory for persistence unit 'sysPersistenceUnit'
2019-12-15 18:28:14.820  INFO 1868 --- [SpringContextShutdownHook] j.LocalContainerEntityManagerFactoryBean : Closing JPA EntityManagerFactory for persistence unit 'reportPersistenceUnit'
2019-12-15 18:28:14.830  INFO 1868 --- [SpringContextShutdownHook] com.alibaba.druid.pool.DruidDataSource   : {dataSource-2} closed
2019-12-15 18:28:14.831  INFO 1868 --- [SpringContextShutdownHook] j.LocalContainerEntityManagerFactoryBean : Closing JPA EntityManagerFactory for persistence unit 'quartzPersistenceUnit'
2019-12-15 18:28:14.836  INFO 1868 --- [SpringContextShutdownHook] com.alibaba.druid.pool.DruidDataSource   : {dataSource-1} closed
2019-12-15 18:28:14.838  INFO 1868 --- [SpringContextShutdownHook] com.alibaba.druid.pool.DruidDataSource   : {dataSource-3} closed
